usWV3yVNxaGTT/R7jDN1ZHH21lr56XYXPYf5mSxPbDXHmNM7thYlQcCg99kAAwB41LGhb1DPJob62xODOfA0NJHDUdndrxpRO09TUP3R4MPyj93LNbXRZ4Q=
rE/8lYTqtt5wDzxTXTau7cWEodoXBN+zLRI9aX9GojrGKks8IH5bGFKswpHqdKDEILAxAuRH9m5krRzEI0EE98txsRR4dmYAc8X5faP72lcJjMtyCgVvXuMybRdzFLeMhIEhMXZAP8tK3iGBRGjLb61bZBiwyc3/DMdiBj7TzxPVCNDUdRv9aeHnnhE/By8gkYlE49Y3cdvpPRVnQA==
EiLs4toI7rqy3acfJoCrwyWigQeW4bJTMmVJe4JNFRUaPsfm+L1qdAwoq5tehr3BWDBfOrpzyLic4XlPOP/ehoLr+6NhIPx02TPpuXU/gtGj3zvwBWGoAzrfhSsdxelnvA==
at/YJllriFLVjIJvISoNWoDgcklwx9Dpc0ZQ06/zazmWgVsqLkHrbaUwl9uxOTsW41+zKH5Ck3OtWMiUzSvliQkXVpH3N4eAifk8o85nyfvBrd1niA==
EVeM7v5pLv7NLjoQXBRf/B/n9GDWcoZW1XH1OGz24CEYokBGE16T3p864lHsJmWqXXYFV4EUQVo8LhO1K3U5PL/uj8xnmw==
hqj4TuoAgNlEJicX2MNrtOZM+ReQRMc9nZ3L3RywdCb+9rCjx+5o4nQjr+G7sJ3QruKwW+XT5wCgjGjgTjoLAN9DAw9YUCYPwNlMGLrvVQTmJJV3QQa7a0Vff9PPwP9NqfdiOza0Gy62/36v5a+o25et5X1AAnEBQnCUaca6IVs8sR9Jn6wYB9K5J080pjqTTZljv/HtdXnxil1LbuVUD8yQx2SGO5xQGajVeJFNITLtaIQQ13/7o+XeVwB7Nmcd
kJfaSxTLjHfgyZjxEtihz2awjQqO7YFTZmdSYJFbHQsebcvPsbthdjFYptQK6du1dGcXY6kig6Ga5zMBNfvUtIr236NhIPx02TPiuXU/gtGj3zvwBWGoAzrfhSsdxelnvA==
zOJwR2TrO5DAQnTh94lltjMHxLQ5CQh7z8ClSa1AxyC8IFnPxcwNFA2f1AdMuHdYTu98vOEtxeS5+WF+tQz0bF9rW49dGofck8JnkQ==
KcepteaymjZj55uSp3rQ10Za+LVQPl2XsNEjpgXrCa6v+gB2qb0RclXeQVkURYj2v2ISGSxu1XM9jpXfAZzRItx2o31rvUnkn9afxGeT
0PI+DLUsUTLuG9Bo9PynyDQHxLQ5CQh7z8ClSa1AxyC8IFnPxcwNFA2f1AdMuHdYTu98vOEtxeS5+WF+tQz0bF9rW49dGofck8JnkQ==
k+n+oxWAoPOhvTY/3YzYozUHxLQ5CQh7z8ClSa1AxyC8IFnPxcwNFA2f1AdMuHdYTu98vOEtxeS5+WF+tQz0bF9rW49dGofck8JnkQ==
S9UYC1a66qL4OLw0QlL8rkZA/rVMJlyXsNEjpgXrCa6v+gB2qb0RclXeQVkURYj2v2ISGSxu1XM9jpXfAZzRItx2o31rvUnkn9afxGeT
3pZiGO/J8Me9A/D9idOWsx8z4eQ0XKi9EZV+czUre4YJMTCj4Sk37/70IGJdC7Nk1mTTFzDx16sIcWmLGfgXRWJTkFsXg9+Rw2eW
CnruK71JVvlybv2gfpTJdB7Wm7x8HgKE6GzkdVVVOjv5W6c+rdFUO125u2d6dKTq0ZsP/DIEd69sAZtjzDGtw9XIS70Gc7RD65PTmcdnkg==
QaPnwV1qY5mvlvvNB/tsm0RA/rVMJlyXsNEjpgXrCa6v+gB2qb0RclXeQVkURYj2v2ISGSxu1XM9jpXfAZzRItx2o31rvUnkn9afxGeT
31kGZbRp6ja8XIEBFTIZh0Ra+LVQPl2XsNEjpgXrCa6v+gB2qb0RclXeQVkURYj2v2ISGSxu1XM9jpXfAZzRItx2o31rvUnkn9afxGeT
PidvfMURxM2vkyA8SRvcHD8HxLQ5CQh7z8ClSa1AxyC8IFnPxcwNFA2f1AdMuHdYTu98vOEtxeS5+WF+tQz0bF9rW49dGofck8JnkQ==
xEoED4E9AKO6VwaBGWBbYUVA/rVMJlyXsNEjpgXrCa6v+gB2qb0RclXeQVkURYj2v2ISGSxu1XM9jpXfAZzRItx2o31rvUnkn9afxGeT
6be0H/o26snwYkXxtXngvkVa+LVQPl2XsNEjpgXrCa6v+gB2qb0RclXeQVkURYj2v2ISGSxu1XM9jpXfAZzRItx2o31rvUnkn9afxGeT
RKq7s7+0S28NEFhHCN8G1TIHxLQ5CQh7z8ClSa1AxyC8IFnPxcwNFA2f1AdMuHdYTu98vOEtxeS5+WF+tQz0bF9rW49dGofck8JnkQ==
1Zxl9thAPXFgbuLRzatDrjEHxLQ5CQh7z8ClSa1AxyC8IFnPxcwNFA2f1AdMuHdYTu98vOEtxeS5+WF+tQz0bF9rW49dGofck8JnkQ==
tjhnQ/otfFGuTC6GmIgHsmewjQqO7YFTZmdSYJFbHQsebcvPsbthdjFYptQK6du1dGcXY6kig6Ga5zMBNfvUtIr236NhIPx02TPiuXU/gtGj3zvwBWGoAzrfhSsdxelnvA==
31lzEj4ZtiFCkzDg16nnrDAHxLQ5CQh7z8ClSa1AxyC8IFnPxcwNFA2f1AdMuHdYTu98vOEtxeS5+WF+tQz0bF9rW49dGofck8JnkQ==
CtUKJruGXPH6ppZq+AV/N3wBj4UvqywsFj5eGmXdrdQMGniNqC7YypPSC1Ivlnq9jMo9B+063RtBWJkWDAJLWUuZIRCP4pfAZ5c=
lvU+RzS/H2F0XAYO49tClHwBj4UvqywsFjpcFGXdrdQMGniNqC7YypPSC1Ivlnq9jMo9B+063RtBWJkWDAJLWUuZIRCP4pfAZ5c=
Vt4Wcn0G0/offzab1/QBLA4aZImIiaTVZfZMfkXYngt/HNd9NX+h+yz7J8xqxA9/xKEDE0SxJXNNKCNtvjNsMwOz64nPZ5o=
pv620HNQgTVW5lxES9xl9URlFkX4gn9ycmT2CJOkuM+T1oIOFInkDgOsfyioXZQp4VADfOqbYE6Vz9hIlSSK49rrkxcx4eMpgCz2Z3yzHPqg7apDVtPG90DSGWPbY2cxqPQ0wGbdY35wqV/tiHl6qs6hlF/uWPAXQB1KzVzTvoy/fVD7DQgg4t+JtxAcyGQqDYrmTfaa3sjF0Bqa/3wTP0cYSnqHP64j1WFKizdHPa//7wzemDe6/R77a8GrdLhH7tMuPAtLrgxF77wnkXZk6NZQgLaD8v+zbFfzo714/f3i+UQOFZmIS4r+CsiXC9mqJbmcD3Va2nsgVi/DYEuU4WCH4yTnZxy0xlLqQwnQhLTB40IcTQ5KUWuvw5DtMbBDgm+tC0VVoWf0
5Gf+XfKMpdffmPaS4TZep3y6L9sspJ5MM8xP8hQ2P483ONO8uvtwToXvCIjFhBpjqktj10HBEynwDAYnDBPsejBNegMG89b3UDLJI4uD97EYFISAVj1TfkBJb604mcoqXkHEHz644BdQPRqNjHMuDE/dILv9KFDiL6nH0OxoFKqdKraNJrrOyNWwSlovHIO/93j6urdfniPlAXpLhyeNL2+P3B7IV6r9Dtu7AfvUKMeec978e2teDDXPTGfh1pRoRvBQ9tPS77N8tyPj7ZhtfVIZ9E4lebhLuh46iCfraSq1WcxPpbrKezB2f4Ow6wRhkCeTZBdHbLQ2cpqD+XD0NFFDEtydLlpRe8+TUD1RIMMyDx3LdTWRZ8Q=
pv620HNQgTVW5lxES9xl9URlFkX4gn9ycmT2CJOkuM+T1oIOFInkDgOsfyioXZQp4VADfOqbYE6Vz9hIlSSK49rrkxcx4eMpgCz2Z3yzHPqg7apDVtPG90DSGWPbY2cxqPQ0wGbdY35wqV/tiHl6qs6hlF/uWPAXQB1KzVzTvoy/fVD7DQgg4t+JtxAcyGQqDYrmTfaa3sjF0Bqa/3wTP0cYSnqHP64j1WFKizdHPa//7wzemDe6/R77a8GrdLhH7tMuPAtLrgxF77wnkXZk6NZQgLaD8v+zbFfzo714/f3i+UQOFZmIS4r+CsiXC9mqJbmcD3Va2nsgVi/DYEuU4WCH4yTnZxy0xlLqQwnQhLTB40IcTQ5KUWuvw5DtMbBDgm+tC0VVoWf0
iuf+AZra91CEttsVMC/DQH8/DkqNgJlgy4dZHZwc4f8DTqcq2vTAky2jHvDVx0yEyqGbZxk0e7hncIlV5rlTnY1n8k3P/Z+PhWUHxaimh2otrOm15jPMD/uQPgUDsHkJ5+HCg2OjI9eu8wdlxxWJjX3VNELPN1fETnMCyoO45D22X+Kg6HHRbww9eIDq5b6OchgnGsqNNi7ZHaNgi+Xf9plmh/Lte+JhAfkt+2H0RToaE7/ToQnQAk29LBClc5PwyJ9gu/JX6tok3MNprczHjLa2pX9rw4L8P/uLf9Rl3JYVwkLo+yvzzCxZ64UM8AcxZX/ZHbUECK6hz9RT2GU3qC4//OwBVQBUGClhrhW8NBy/O9tfPerHbDOSZ8E=
LhYE5oSEcTmLY6OLnT4xacrLq2y+cKGkhVMxZ5B4/+6w4V61/y+mCe2H6hAHpIM4hKWwCQUIL4y206QO0QeE+Hl8LgO+U3+HjWlnqQSkSvcQC/iaBDXG84qbAjcEGsUT97sDEYyMGNAa1Wd+dKEj/aQBXoqqebgvMpC014RVln0wCxrsW8U8a7GApGJbAQuA8HAAyqnSCv2qUpqIAZhGatMk9x9j4GZqezeqI9FptpsbvxmPG7cgLsR/fr1aMzdxRywcp4prwqy3wyqMwWcAt/3OgIhyiOwGX7o7cyifL9ORoJndxoFoHmmRjEuO9nbYu3P9ikFhsH+pkp675B7zcwyTMIGEP4+0W++YNELaVtPlaOBUZbuurBHGDhGv559gwWlUY6aXgRu5XaVn8A==
LhYE5oSEcTmLY6OLnT4xacrLq2y+cKGkhVMxZ5B4/+6w4V61/y+mCe2H6hAHpIM4hKWwCQUIL4y206QO0QeE+Hl8LgO+U3+HjWlnqQSkSvcQC/iaBDXG84qbAjcEGsUT97sDEYyMGNAa1Wd+dKEj/aQBXoqqebgvMpC014RVln0wCxrsW8U8a7GApGJbAQuA8HAAyqnSCv2qUpqIAZhGatMk9x9j4GZqezeqI9FptpsbvxmPG7cgLsR/fr1aMzdxRywcp4prwqy3wyqMwWcAt/3OgIhyiOwGX7o7cyifL9ORoJndxoFoHmmRjEuO9nbYu3P9ikFhsH+pkp675B7zcwyTMIGEP4+0W++YNELaVtPlaOBUZbuurBHGDhGv559gwWlUY6aXgRu5XaVn8A==
vwXeA8gz4NMtRNJnpReYVH8/DkqNgJlhy4dZHZoS/eAJU6cq2vHKlTC7HvDVx0yEyqGbZxk0e7hncIlV5rlTnY1n8k3P/Z+PhWUHxaimh2otrOm15jPMD/uQPgUDsHkJ5+HCg2OjI9eu8wdlxxWJjX3VNELPN1fETnMCyoO45D22X+Kg6HHRbww9eIDq5b6OchgnGsqNNi7ZHaNgi+Xf9plmh/Lte+JhAfkt+2H0RToaE7/ToQnQAk29LBClc5PwyJ9gu/JX6tok3MNprczHjLa2pX9rw4L8P/uLf9Rl3JYVwkLo+yvzzCxZ64UM8AcxZX/ZHbUECK6hz9RT2GU3qC4//OwBVAJUGClhrhW8NBy/O9tfPerHbDOSZ8E=
